Determining if the include file direct.h exists failed with the following output:
Change Dir: /home/viktor/repos/AudioInterface/build/CMakeFiles/CMakeTmp

Run Build Command(s):/usr/bin/make cmTC_5f6d6/fast && /usr/bin/make -f CMakeFiles/cmTC_5f6d6.dir/build.make CMakeFiles/cmTC_5f6d6.dir/build
make[1]: Entering directory '/home/viktor/repos/AudioInterface/build/CMakeFiles/CMakeTmp'
Building C object CMakeFiles/cmTC_5f6d6.dir/CheckIncludeFile.c.o
/bin/x86_64-linux-gnu-gcc-9    -o CMakeFiles/cmTC_5f6d6.dir/CheckIncludeFile.c.o   -c /home/viktor/repos/AudioInterface/build/CMakeFiles/CMakeTmp/CheckIncludeFile.c
/home/viktor/repos/AudioInterface/build/CMakeFiles/CMakeTmp/CheckIncludeFile.c:1:10: fatal error: direct.h: No such file or directory
    1 | #include <direct.h>
      |          ^~~~~~~~~~
compilation terminated.
make[1]: *** [CMakeFiles/cmTC_5f6d6.dir/build.make:66: CMakeFiles/cmTC_5f6d6.dir/CheckIncludeFile.c.o] Error 1
make[1]: Leaving directory '/home/viktor/repos/AudioInterface/build/CMakeFiles/CMakeTmp'
make: *** [Makefile:121: cmTC_5f6d6/fast] Error 2



Determining if the include file io.h exists failed with the following output:
Change Dir: /home/viktor/repos/AudioInterface/build/CMakeFiles/CMakeTmp

Run Build Command(s):/usr/bin/make cmTC_64494/fast && /usr/bin/make -f CMakeFiles/cmTC_64494.dir/build.make CMakeFiles/cmTC_64494.dir/build
make[1]: Entering directory '/home/viktor/repos/AudioInterface/build/CMakeFiles/CMakeTmp'
Building C object CMakeFiles/cmTC_64494.dir/CheckIncludeFile.c.o
/bin/x86_64-linux-gnu-gcc-9    -o CMakeFiles/cmTC_64494.dir/CheckIncludeFile.c.o   -c /home/viktor/repos/AudioInterface/build/CMakeFiles/CMakeTmp/CheckIncludeFile.c
/home/viktor/repos/AudioInterface/build/CMakeFiles/CMakeTmp/CheckIncludeFile.c:1:10: fatal error: io.h: No such file or directory
    1 | #include <io.h>
      |          ^~~~~~
compilation terminated.
make[1]: *** [CMakeFiles/cmTC_64494.dir/build.make:66: CMakeFiles/cmTC_64494.dir/CheckIncludeFile.c.o] Error 1
make[1]: Leaving directory '/home/viktor/repos/AudioInterface/build/CMakeFiles/CMakeTmp'
make: *** [Makefile:121: cmTC_64494/fast] Error 2



Determining if the function sqlite3_close exists in the sqlite3 failed with the following output:
Change Dir: /home/viktor/repos/AudioInterface/build/CMakeFiles/CMakeTmp

Run Build Command(s):/usr/bin/make cmTC_02d1e/fast && /usr/bin/make -f CMakeFiles/cmTC_02d1e.dir/build.make CMakeFiles/cmTC_02d1e.dir/build
make[1]: Entering directory '/home/viktor/repos/AudioInterface/build/CMakeFiles/CMakeTmp'
Building C object CMakeFiles/cmTC_02d1e.dir/CheckFunctionExists.c.o
/bin/x86_64-linux-gnu-gcc-9   -DCHECK_FUNCTION_EXISTS=sqlite3_close   -o CMakeFiles/cmTC_02d1e.dir/CheckFunctionExists.c.o   -c /usr/share/cmake-3.16/Modules/CheckFunctionExists.c
Linking C executable cmTC_02d1e
/usr/bin/cmake -E cmake_link_script CMakeFiles/cmTC_02d1e.dir/link.txt --verbose=1
/bin/x86_64-linux-gnu-gcc-9  -DCHECK_FUNCTION_EXISTS=sqlite3_close    -rdynamic CMakeFiles/cmTC_02d1e.dir/CheckFunctionExists.c.o  -o cmTC_02d1e  -lsqlite3 -lm 
/usr/bin/ld: cannot find -lsqlite3
collect2: error: ld returned 1 exit status
make[1]: *** [CMakeFiles/cmTC_02d1e.dir/build.make:87: cmTC_02d1e] Error 1
make[1]: Leaving directory '/home/viktor/repos/AudioInterface/build/CMakeFiles/CMakeTmp'
make: *** [Makefile:121: cmTC_02d1e/fast] Error 2



Performing C SOURCE FILE Test CPU_CLIPS_POSITIVE failed with the following compile output:
Change Dir: /home/viktor/repos/AudioInterface/build/CMakeFiles/CMakeTmp

Run Build Command(s):/usr/bin/make cmTC_22ed2/fast && /usr/bin/make -f CMakeFiles/cmTC_22ed2.dir/build.make CMakeFiles/cmTC_22ed2.dir/build
make[1]: Entering directory '/home/viktor/repos/AudioInterface/build/CMakeFiles/CMakeTmp'
Building C object CMakeFiles/cmTC_22ed2.dir/src.c.o
/bin/x86_64-linux-gnu-gcc-9   -DCPU_CLIPS_POSITIVE   -o CMakeFiles/cmTC_22ed2.dir/src.c.o   -c /home/viktor/repos/AudioInterface/build/CMakeFiles/CMakeTmp/src.c
Linking C executable cmTC_22ed2
/usr/bin/cmake -E cmake_link_script CMakeFiles/cmTC_22ed2.dir/link.txt --verbose=1
/bin/x86_64-linux-gnu-gcc-9  -DCPU_CLIPS_POSITIVE    -rdynamic CMakeFiles/cmTC_22ed2.dir/src.c.o  -o cmTC_22ed2  -lm 
make[1]: Leaving directory '/home/viktor/repos/AudioInterface/build/CMakeFiles/CMakeTmp'


...and run output:

Return value: 1
Source file was:

			#define	_ISOC9X_SOURCE	1
			#define _ISOC99_SOURCE	1
			#define	__USE_ISOC99	1
			#define __USE_ISOC9X	1
			#include <math.h>
			int main (void)
			{	double	fval ;
				int k, ival ;

				fval = 1.0 * 0x7FFFFFFF ;
				for (k = 0 ; k < 100 ; k++)
				{	ival = (lrint (fval)) >> 24 ;
					if (ival != 127)
						return 1 ;
				
					fval *= 1.2499999 ;
					} ;
				
					return 0 ;
				}
			
Performing C SOURCE FILE Test CPU_CLIPS_NEGATIVE failed with the following compile output:
Change Dir: /home/viktor/repos/AudioInterface/build/CMakeFiles/CMakeTmp

Run Build Command(s):/usr/bin/make cmTC_3cb2f/fast && /usr/bin/make -f CMakeFiles/cmTC_3cb2f.dir/build.make CMakeFiles/cmTC_3cb2f.dir/build
make[1]: Entering directory '/home/viktor/repos/AudioInterface/build/CMakeFiles/CMakeTmp'
Building C object CMakeFiles/cmTC_3cb2f.dir/src.c.o
/bin/x86_64-linux-gnu-gcc-9   -DCPU_CLIPS_NEGATIVE   -o CMakeFiles/cmTC_3cb2f.dir/src.c.o   -c /home/viktor/repos/AudioInterface/build/CMakeFiles/CMakeTmp/src.c
Linking C executable cmTC_3cb2f
/usr/bin/cmake -E cmake_link_script CMakeFiles/cmTC_3cb2f.dir/link.txt --verbose=1
/bin/x86_64-linux-gnu-gcc-9  -DCPU_CLIPS_NEGATIVE    -rdynamic CMakeFiles/cmTC_3cb2f.dir/src.c.o  -o cmTC_3cb2f  -lm 
make[1]: Leaving directory '/home/viktor/repos/AudioInterface/build/CMakeFiles/CMakeTmp'


...and run output:

Return value: 1
Source file was:

			#define	_ISOC9X_SOURCE	1
			#define _ISOC99_SOURCE	1
			#define	__USE_ISOC99	1
			#define __USE_ISOC9X	1
			#include <math.h>
			int main (void)
			{	double	fval ;
				int k, ival ;

				fval = -8.0 * 0x10000000 ;
				for (k = 0 ; k < 100 ; k++)
				{	ival = (lrint (fval)) >> 24 ;
					if (ival != -128)
						return 1 ;
				
					fval *= 1.2499999 ;
					} ;
				
					return 0 ;
				}
			
Determining if the include file arm_neon.h exists failed with the following output:
Change Dir: /home/viktor/repos/AudioInterface/build/CMakeFiles/CMakeTmp

Run Build Command(s):/usr/bin/make cmTC_f5ea5/fast && /usr/bin/make -f CMakeFiles/cmTC_f5ea5.dir/build.make CMakeFiles/cmTC_f5ea5.dir/build
make[1]: Entering directory '/home/viktor/repos/AudioInterface/build/CMakeFiles/CMakeTmp'
Building C object CMakeFiles/cmTC_f5ea5.dir/CheckIncludeFile.c.o
/bin/x86_64-linux-gnu-gcc-9    -o CMakeFiles/cmTC_f5ea5.dir/CheckIncludeFile.c.o   -c /home/viktor/repos/AudioInterface/build/CMakeFiles/CMakeTmp/CheckIncludeFile.c
/home/viktor/repos/AudioInterface/build/CMakeFiles/CMakeTmp/CheckIncludeFile.c:1:10: fatal error: arm_neon.h: No such file or directory
    1 | #include <arm_neon.h>
      |          ^~~~~~~~~~~~
compilation terminated.
make[1]: *** [CMakeFiles/cmTC_f5ea5.dir/build.make:66: CMakeFiles/cmTC_f5ea5.dir/CheckIncludeFile.c.o] Error 1
make[1]: Leaving directory '/home/viktor/repos/AudioInterface/build/CMakeFiles/CMakeTmp'
make: *** [Makefile:121: cmTC_f5ea5/fast] Error 2



Determining if the include file intrin.h exists failed with the following output:
Change Dir: /home/viktor/repos/AudioInterface/build/CMakeFiles/CMakeTmp

Run Build Command(s):/usr/bin/make cmTC_52357/fast && /usr/bin/make -f CMakeFiles/cmTC_52357.dir/build.make CMakeFiles/cmTC_52357.dir/build
make[1]: Entering directory '/home/viktor/repos/AudioInterface/build/CMakeFiles/CMakeTmp'
Building C object CMakeFiles/cmTC_52357.dir/CheckIncludeFile.c.o
/bin/x86_64-linux-gnu-gcc-9    -o CMakeFiles/cmTC_52357.dir/CheckIncludeFile.c.o   -c /home/viktor/repos/AudioInterface/build/CMakeFiles/CMakeTmp/CheckIncludeFile.c
/home/viktor/repos/AudioInterface/build/CMakeFiles/CMakeTmp/CheckIncludeFile.c:1:10: fatal error: intrin.h: No such file or directory
    1 | #include <intrin.h>
      |          ^~~~~~~~~~
compilation terminated.
make[1]: *** [CMakeFiles/cmTC_52357.dir/build.make:66: CMakeFiles/cmTC_52357.dir/CheckIncludeFile.c.o] Error 1
make[1]: Leaving directory '/home/viktor/repos/AudioInterface/build/CMakeFiles/CMakeTmp'
make: *** [Makefile:121: cmTC_52357/fast] Error 2



Determining if the include file guiddef.h exists failed with the following output:
Change Dir: /home/viktor/repos/AudioInterface/build/CMakeFiles/CMakeTmp

Run Build Command(s):/usr/bin/make cmTC_c8037/fast && /usr/bin/make -f CMakeFiles/cmTC_c8037.dir/build.make CMakeFiles/cmTC_c8037.dir/build
make[1]: Entering directory '/home/viktor/repos/AudioInterface/build/CMakeFiles/CMakeTmp'
Building C object CMakeFiles/cmTC_c8037.dir/CheckIncludeFile.c.o
/bin/x86_64-linux-gnu-gcc-9    -o CMakeFiles/cmTC_c8037.dir/CheckIncludeFile.c.o   -c /home/viktor/repos/AudioInterface/build/CMakeFiles/CMakeTmp/CheckIncludeFile.c
/home/viktor/repos/AudioInterface/build/CMakeFiles/CMakeTmp/CheckIncludeFile.c:1:10: fatal error: guiddef.h: No such file or directory
    1 | #include <guiddef.h>
      |          ^~~~~~~~~~~
compilation terminated.
make[1]: *** [CMakeFiles/cmTC_c8037.dir/build.make:66: CMakeFiles/cmTC_c8037.dir/CheckIncludeFile.c.o] Error 1
make[1]: Leaving directory '/home/viktor/repos/AudioInterface/build/CMakeFiles/CMakeTmp'
make: *** [Makefile:121: cmTC_c8037/fast] Error 2



Determining if the include file initguid.h exists failed with the following output:
Change Dir: /home/viktor/repos/AudioInterface/build/CMakeFiles/CMakeTmp

Run Build Command(s):/usr/bin/make cmTC_f9347/fast && /usr/bin/make -f CMakeFiles/cmTC_f9347.dir/build.make CMakeFiles/cmTC_f9347.dir/build
make[1]: Entering directory '/home/viktor/repos/AudioInterface/build/CMakeFiles/CMakeTmp'
Building C object CMakeFiles/cmTC_f9347.dir/CheckIncludeFile.c.o
/bin/x86_64-linux-gnu-gcc-9    -o CMakeFiles/cmTC_f9347.dir/CheckIncludeFile.c.o   -c /home/viktor/repos/AudioInterface/build/CMakeFiles/CMakeTmp/CheckIncludeFile.c
/home/viktor/repos/AudioInterface/build/CMakeFiles/CMakeTmp/CheckIncludeFile.c:1:10: fatal error: initguid.h: No such file or directory
    1 | #include <initguid.h>
      |          ^~~~~~~~~~~~
compilation terminated.
make[1]: *** [CMakeFiles/cmTC_f9347.dir/build.make:66: CMakeFiles/cmTC_f9347.dir/CheckIncludeFile.c.o] Error 1
make[1]: Leaving directory '/home/viktor/repos/AudioInterface/build/CMakeFiles/CMakeTmp'
make: *** [Makefile:121: cmTC_f9347/fast] Error 2



Determining if the _aligned_malloc exist failed with the following output:
Change Dir: /home/viktor/repos/AudioInterface/build/CMakeFiles/CMakeTmp

Run Build Command(s):/usr/bin/make cmTC_69c5d/fast && /usr/bin/make -f CMakeFiles/cmTC_69c5d.dir/build.make CMakeFiles/cmTC_69c5d.dir/build
make[1]: Entering directory '/home/viktor/repos/AudioInterface/build/CMakeFiles/CMakeTmp'
Building C object CMakeFiles/cmTC_69c5d.dir/CheckSymbolExists.c.o
/bin/x86_64-linux-gnu-gcc-9    -o CMakeFiles/cmTC_69c5d.dir/CheckSymbolExists.c.o   -c /home/viktor/repos/AudioInterface/build/CMakeFiles/CMakeTmp/CheckSymbolExists.c
/home/viktor/repos/AudioInterface/build/CMakeFiles/CMakeTmp/CheckSymbolExists.c: In function ‘main’:
/home/viktor/repos/AudioInterface/build/CMakeFiles/CMakeTmp/CheckSymbolExists.c:8:19: error: ‘_aligned_malloc’ undeclared (first use in this function)
    8 |   return ((int*)(&_aligned_malloc))[argc];
      |                   ^~~~~~~~~~~~~~~
/home/viktor/repos/AudioInterface/build/CMakeFiles/CMakeTmp/CheckSymbolExists.c:8:19: note: each undeclared identifier is reported only once for each function it appears in
make[1]: *** [CMakeFiles/cmTC_69c5d.dir/build.make:66: CMakeFiles/cmTC_69c5d.dir/CheckSymbolExists.c.o] Error 1
make[1]: Leaving directory '/home/viktor/repos/AudioInterface/build/CMakeFiles/CMakeTmp'
make: *** [Makefile:121: cmTC_69c5d/fast] Error 2


File /home/viktor/repos/AudioInterface/build/CMakeFiles/CMakeTmp/CheckSymbolExists.c:
/* */
#include <malloc.h>

int main(int argc, char** argv)
{
  (void)argv;
#ifndef _aligned_malloc
  return ((int*)(&_aligned_malloc))[argc];
#else
  (void)argc;
  return 0;
#endif
}
Determining if the proc_pidpath exist failed with the following output:
Change Dir: /home/viktor/repos/AudioInterface/build/CMakeFiles/CMakeTmp

Run Build Command(s):/usr/bin/make cmTC_584f7/fast && /usr/bin/make -f CMakeFiles/cmTC_584f7.dir/build.make CMakeFiles/cmTC_584f7.dir/build
make[1]: Entering directory '/home/viktor/repos/AudioInterface/build/CMakeFiles/CMakeTmp'
Building C object CMakeFiles/cmTC_584f7.dir/CheckSymbolExists.c.o
/bin/x86_64-linux-gnu-gcc-9    -o CMakeFiles/cmTC_584f7.dir/CheckSymbolExists.c.o   -c /home/viktor/repos/AudioInterface/build/CMakeFiles/CMakeTmp/CheckSymbolExists.c
/home/viktor/repos/AudioInterface/build/CMakeFiles/CMakeTmp/CheckSymbolExists.c:2:10: fatal error: libproc.h: No such file or directory
    2 | #include <libproc.h>
      |          ^~~~~~~~~~~
compilation terminated.
make[1]: *** [CMakeFiles/cmTC_584f7.dir/build.make:66: CMakeFiles/cmTC_584f7.dir/CheckSymbolExists.c.o] Error 1
make[1]: Leaving directory '/home/viktor/repos/AudioInterface/build/CMakeFiles/CMakeTmp'
make: *** [Makefile:121: cmTC_584f7/fast] Error 2


File /home/viktor/repos/AudioInterface/build/CMakeFiles/CMakeTmp/CheckSymbolExists.c:
/* */
#include <libproc.h>

int main(int argc, char** argv)
{
  (void)argv;
#ifndef proc_pidpath
  return ((int*)(&proc_pidpath))[argc];
#else
  (void)argc;
  return 0;
#endif
}
Determining if files pthread.h;pthread_np.h exist failed with the following output:
Change Dir: /home/viktor/repos/AudioInterface/build/CMakeFiles/CMakeTmp

Run Build Command(s):/usr/bin/make cmTC_7ab2b/fast && /usr/bin/make -f CMakeFiles/cmTC_7ab2b.dir/build.make CMakeFiles/cmTC_7ab2b.dir/build
make[1]: Entering directory '/home/viktor/repos/AudioInterface/build/CMakeFiles/CMakeTmp'
Building C object CMakeFiles/cmTC_7ab2b.dir/HAVE_PTHREAD_NP_H.c.o
/bin/x86_64-linux-gnu-gcc-9   -pthread   -o CMakeFiles/cmTC_7ab2b.dir/HAVE_PTHREAD_NP_H.c.o   -c /home/viktor/repos/AudioInterface/build/CMakeFiles/CheckIncludeFiles/HAVE_PTHREAD_NP_H.c
/home/viktor/repos/AudioInterface/build/CMakeFiles/CheckIncludeFiles/HAVE_PTHREAD_NP_H.c:3:10: fatal error: pthread_np.h: No such file or directory
    3 | #include <pthread_np.h>
      |          ^~~~~~~~~~~~~~
compilation terminated.
make[1]: *** [CMakeFiles/cmTC_7ab2b.dir/build.make:66: CMakeFiles/cmTC_7ab2b.dir/HAVE_PTHREAD_NP_H.c.o] Error 1
make[1]: Leaving directory '/home/viktor/repos/AudioInterface/build/CMakeFiles/CMakeTmp'
make: *** [Makefile:121: cmTC_7ab2b/fast] Error 2


Source:
/* */
#include <pthread.h>
#include <pthread_np.h>


int main(void){return 0;}

Determining if the pthread_setname_np exist failed with the following output:
Change Dir: /home/viktor/repos/AudioInterface/build/CMakeFiles/CMakeTmp

Run Build Command(s):/usr/bin/make cmTC_a0d22/fast && /usr/bin/make -f CMakeFiles/cmTC_a0d22.dir/build.make CMakeFiles/cmTC_a0d22.dir/build
make[1]: Entering directory '/home/viktor/repos/AudioInterface/build/CMakeFiles/CMakeTmp'
Building C object CMakeFiles/cmTC_a0d22.dir/CheckSymbolExists.c.o
/bin/x86_64-linux-gnu-gcc-9   -pthread   -o CMakeFiles/cmTC_a0d22.dir/CheckSymbolExists.c.o   -c /home/viktor/repos/AudioInterface/build/CMakeFiles/CMakeTmp/CheckSymbolExists.c
/home/viktor/repos/AudioInterface/build/CMakeFiles/CMakeTmp/CheckSymbolExists.c: In function ‘main’:
/home/viktor/repos/AudioInterface/build/CMakeFiles/CMakeTmp/CheckSymbolExists.c:8:19: error: ‘pthread_setname_np’ undeclared (first use in this function); did you mean ‘pthread_setcanceltype’?
    8 |   return ((int*)(&pthread_setname_np))[argc];
      |                   ^~~~~~~~~~~~~~~~~~
      |                   pthread_setcanceltype
/home/viktor/repos/AudioInterface/build/CMakeFiles/CMakeTmp/CheckSymbolExists.c:8:19: note: each undeclared identifier is reported only once for each function it appears in
make[1]: *** [CMakeFiles/cmTC_a0d22.dir/build.make:66: CMakeFiles/cmTC_a0d22.dir/CheckSymbolExists.c.o] Error 1
make[1]: Leaving directory '/home/viktor/repos/AudioInterface/build/CMakeFiles/CMakeTmp'
make: *** [Makefile:121: cmTC_a0d22/fast] Error 2


File /home/viktor/repos/AudioInterface/build/CMakeFiles/CMakeTmp/CheckSymbolExists.c:
/* */
#include <pthread.h>

int main(int argc, char** argv)
{
  (void)argv;
#ifndef pthread_setname_np
  return ((int*)(&pthread_setname_np))[argc];
#else
  (void)argc;
  return 0;
#endif
}
Determining if the pthread_set_name_np exist failed with the following output:
Change Dir: /home/viktor/repos/AudioInterface/build/CMakeFiles/CMakeTmp

Run Build Command(s):/usr/bin/make cmTC_1fcf6/fast && /usr/bin/make -f CMakeFiles/cmTC_1fcf6.dir/build.make CMakeFiles/cmTC_1fcf6.dir/build
make[1]: Entering directory '/home/viktor/repos/AudioInterface/build/CMakeFiles/CMakeTmp'
Building C object CMakeFiles/cmTC_1fcf6.dir/CheckSymbolExists.c.o
/bin/x86_64-linux-gnu-gcc-9   -pthread   -o CMakeFiles/cmTC_1fcf6.dir/CheckSymbolExists.c.o   -c /home/viktor/repos/AudioInterface/build/CMakeFiles/CMakeTmp/CheckSymbolExists.c
/home/viktor/repos/AudioInterface/build/CMakeFiles/CMakeTmp/CheckSymbolExists.c: In function ‘main’:
/home/viktor/repos/AudioInterface/build/CMakeFiles/CMakeTmp/CheckSymbolExists.c:8:19: error: ‘pthread_set_name_np’ undeclared (first use in this function); did you mean ‘pthread_setcanceltype’?
    8 |   return ((int*)(&pthread_set_name_np))[argc];
      |                   ^~~~~~~~~~~~~~~~~~~
      |                   pthread_setcanceltype
/home/viktor/repos/AudioInterface/build/CMakeFiles/CMakeTmp/CheckSymbolExists.c:8:19: note: each undeclared identifier is reported only once for each function it appears in
make[1]: *** [CMakeFiles/cmTC_1fcf6.dir/build.make:66: CMakeFiles/cmTC_1fcf6.dir/CheckSymbolExists.c.o] Error 1
make[1]: Leaving directory '/home/viktor/repos/AudioInterface/build/CMakeFiles/CMakeTmp'
make: *** [Makefile:121: cmTC_1fcf6/fast] Error 2


File /home/viktor/repos/AudioInterface/build/CMakeFiles/CMakeTmp/CheckSymbolExists.c:
/* */
#include <pthread.h>

int main(int argc, char** argv)
{
  (void)argv;
#ifndef pthread_set_name_np
  return ((int*)(&pthread_set_name_np))[argc];
#else
  (void)argc;
  return 0;
#endif
}
Determining if the include file windows.h exists failed with the following output:
Change Dir: /home/viktor/repos/AudioInterface/build/CMakeFiles/CMakeTmp

Run Build Command(s):/usr/bin/make cmTC_e6050/fast && /usr/bin/make -f CMakeFiles/cmTC_e6050.dir/build.make CMakeFiles/cmTC_e6050.dir/build
make[1]: Entering directory '/home/viktor/repos/AudioInterface/build/CMakeFiles/CMakeTmp'
Building C object CMakeFiles/cmTC_e6050.dir/CheckIncludeFile.c.o
/bin/x86_64-linux-gnu-gcc-9    -o CMakeFiles/cmTC_e6050.dir/CheckIncludeFile.c.o   -c /home/viktor/repos/AudioInterface/build/CMakeFiles/CMakeTmp/CheckIncludeFile.c
/home/viktor/repos/AudioInterface/build/CMakeFiles/CMakeTmp/CheckIncludeFile.c:1:10: fatal error: windows.h: No such file or directory
    1 | #include <windows.h>
      |          ^~~~~~~~~~~
compilation terminated.
make[1]: *** [CMakeFiles/cmTC_e6050.dir/build.make:66: CMakeFiles/cmTC_e6050.dir/CheckIncludeFile.c.o] Error 1
make[1]: Leaving directory '/home/viktor/repos/AudioInterface/build/CMakeFiles/CMakeTmp'
make: *** [Makefile:121: cmTC_e6050/fast] Error 2



Determining if the _stat exist failed with the following output:
Change Dir: /home/viktor/repos/AudioInterface/build/CMakeFiles/CMakeTmp

Run Build Command(s):/usr/bin/make cmTC_27778/fast && /usr/bin/make -f CMakeFiles/cmTC_27778.dir/build.make CMakeFiles/cmTC_27778.dir/build
make[1]: Entering directory '/home/viktor/repos/AudioInterface/build/CMakeFiles/CMakeTmp'
Building C object CMakeFiles/cmTC_27778.dir/CheckSymbolExists.c.o
/bin/x86_64-linux-gnu-gcc-9    -o CMakeFiles/cmTC_27778.dir/CheckSymbolExists.c.o   -c /home/viktor/repos/AudioInterface/build/CMakeFiles/CMakeTmp/CheckSymbolExists.c
/home/viktor/repos/AudioInterface/build/CMakeFiles/CMakeTmp/CheckSymbolExists.c: In function ‘main’:
/home/viktor/repos/AudioInterface/build/CMakeFiles/CMakeTmp/CheckSymbolExists.c:9:19: error: ‘_stat’ undeclared (first use in this function); did you mean ‘lstat’?
    9 |   return ((int*)(&_stat))[argc];
      |                   ^~~~~
      |                   lstat
/home/viktor/repos/AudioInterface/build/CMakeFiles/CMakeTmp/CheckSymbolExists.c:9:19: note: each undeclared identifier is reported only once for each function it appears in
make[1]: *** [CMakeFiles/cmTC_27778.dir/build.make:66: CMakeFiles/cmTC_27778.dir/CheckSymbolExists.c.o] Error 1
make[1]: Leaving directory '/home/viktor/repos/AudioInterface/build/CMakeFiles/CMakeTmp'
make: *** [Makefile:121: cmTC_27778/fast] Error 2


File /home/viktor/repos/AudioInterface/build/CMakeFiles/CMakeTmp/CheckSymbolExists.c:
/* */
#include <sys/types.h>
#include <sys/stat.h>

int main(int argc, char** argv)
{
  (void)argv;
#ifndef _stat
  return ((int*)(&_stat))[argc];
#else
  (void)argc;
  return 0;
#endif
}
